<?xml version="1.0" encoding="utf-8"?>
<?AutomationStudio Version="4.1.14.40 SP"?>
<Objects>
  <Object
    Path="C:\projects\ProjetoPadraoSegunda\Logical\Package.pkg"
    LogicalPath=""
    Type="Package"
    LastWriteTime="133458361890519697" />
  <Object
    Path="C:\projects\ProjetoPadraoSegunda\Logical\Global.typ"
    LogicalPath="Global.typ"
    Type="File"
    LastWriteTime="133407197295892984"
    Private="false" />
  <Object
    Path="C:\projects\ProjetoPadraoSegunda\Logical\Global.var"
    LogicalPath="Global.var"
    Type="File"
    LastWriteTime="133452346899677626"
    Private="false" />
  <Object
    Path="C:\projects\ProjetoPadraoSegunda\Logical\Libraries\Operator\operator.fun"
    LogicalPath="Libraries.Operator.operator.fun"
    Type="File"
    LastWriteTime="133407197296403033"
    Private="false" />
  <Object
    Path="C:\projects\ProjetoPadraoSegunda\Logical\Libraries\Operator\operator.typ"
    LogicalPath="Libraries.Operator.operator.typ"
    Type="File"
    LastWriteTime="133407197296433059"
    Private="false" />
  <Object
    Path="C:\projects\ProjetoPadraoSegunda\Logical\Libraries\Operator\operator.var"
    LogicalPath="Libraries.Operator.operator.var"
    Type="File"
    LastWriteTime="133407197296463046"
    Private="false" />
  <Object
    Path="C:\projects\ProjetoPadraoSegunda\Logical\Libraries\Operator\Binary.lby"
    LogicalPath="Libraries.Operator"
    Type="Library"
    LastWriteTime="133407197296492991" />
  <Object
    Path="C:\projects\ProjetoPadraoSegunda\Logical\Libraries\Runtime\runtime.fun"
    LogicalPath="Libraries.Runtime.runtime.fun"
    Type="File"
    LastWriteTime="133407197297032681"
    Private="false" />
  <Object
    Path="C:\projects\ProjetoPadraoSegunda\Logical\Libraries\Runtime\runtime.typ"
    LogicalPath="Libraries.Runtime.runtime.typ"
    Type="File"
    LastWriteTime="133407197297062757"
    Private="false" />
  <Object
    Path="C:\projects\ProjetoPadraoSegunda\Logical\Libraries\Runtime\runtime.var"
    LogicalPath="Libraries.Runtime.runtime.var"
    Type="File"
    LastWriteTime="133407197297092648"
    Private="false" />
  <Object
    Path="C:\projects\ProjetoPadraoSegunda\Logical\Libraries\Runtime\Binary.lby"
    LogicalPath="Libraries.Runtime"
    Type="Library"
    LastWriteTime="133407197297112642" />
  <Object
    Path="C:\projects\ProjetoPadraoSegunda\Logical\Libraries\AsTime\astime.fun"
    LogicalPath="Libraries.AsTime.astime.fun"
    Type="File"
    LastWriteTime="133407197297612357"
    Private="false" />
  <Object
    Path="C:\projects\ProjetoPadraoSegunda\Logical\Libraries\AsTime\astime.typ"
    LogicalPath="Libraries.AsTime.astime.typ"
    Type="File"
    LastWriteTime="133407197297642343"
    Private="false" />
  <Object
    Path="C:\projects\ProjetoPadraoSegunda\Logical\Libraries\AsTime\astime.var"
    LogicalPath="Libraries.AsTime.astime.var"
    Type="File"
    LastWriteTime="133407197297662323"
    Private="false" />
  <Object
    Path="C:\projects\ProjetoPadraoSegunda\Logical\Libraries\AsTime\Binary.lby"
    LogicalPath="Libraries.AsTime"
    Type="Library"
    LastWriteTime="133407197297692317" />
  <Object
    Path="C:\projects\ProjetoPadraoSegunda\Logical\Libraries\AsIecCon\AsIecCon.fun"
    LogicalPath="Libraries.AsIecCon.AsIecCon.fun"
    Type="File"
    LastWriteTime="133407197298222019"
    Private="false" />
  <Object
    Path="C:\projects\ProjetoPadraoSegunda\Logical\Libraries\AsIecCon\AsIecCon.typ"
    LogicalPath="Libraries.AsIecCon.AsIecCon.typ"
    Type="File"
    LastWriteTime="133407197298242009"
    Private="false" />
  <Object
    Path="C:\projects\ProjetoPadraoSegunda\Logical\Libraries\AsIecCon\AsIecCon.var"
    LogicalPath="Libraries.AsIecCon.AsIecCon.var"
    Type="File"
    LastWriteTime="133407197298261994"
    Private="false" />
  <Object
    Path="C:\projects\ProjetoPadraoSegunda\Logical\Libraries\AsIecCon\Binary.lby"
    LogicalPath="Libraries.AsIecCon"
    Type="Library"
    LastWriteTime="133407197298291981" />
  <Object
    Path="C:\projects\ProjetoPadraoSegunda\Logical\Libraries\LoopConR\LoopConR.var"
    LogicalPath="Libraries.LoopConR.LoopConR.var"
    Type="File"
    LastWriteTime="133413252336106406"
    Private="false" />
  <Object
    Path="C:\projects\ProjetoPadraoSegunda\Logical\Libraries\LoopConR\LoopConR.typ"
    LogicalPath="Libraries.LoopConR.LoopConR.typ"
    Type="File"
    LastWriteTime="133413252336156366"
    Private="false" />
  <Object
    Path="C:\projects\ProjetoPadraoSegunda\Logical\Libraries\LoopConR\LoopConR.fun"
    LogicalPath="Libraries.LoopConR.LoopConR.fun"
    Type="File"
    LastWriteTime="133413252336206336"
    Private="false" />
  <Object
    Path="C:\projects\ProjetoPadraoSegunda\Logical\Libraries\LoopConR\Binary.lby"
    LogicalPath="Libraries.LoopConR"
    Type="Library"
    LastWriteTime="133413252336236473" />
  <Object
    Path="C:\projects\ProjetoPadraoSegunda\Logical\Libraries\sys_lib\sys_lib.fun"
    LogicalPath="Libraries.sys_lib.sys_lib.fun"
    Type="File"
    LastWriteTime="133413252337055819"
    Private="false" />
  <Object
    Path="C:\projects\ProjetoPadraoSegunda\Logical\Libraries\sys_lib\sys_lib.typ"
    LogicalPath="Libraries.sys_lib.sys_lib.typ"
    Type="File"
    LastWriteTime="133413252337085799"
    Private="false" />
  <Object
    Path="C:\projects\ProjetoPadraoSegunda\Logical\Libraries\sys_lib\sys_lib.var"
    LogicalPath="Libraries.sys_lib.sys_lib.var"
    Type="File"
    LastWriteTime="133413252337115775"
    Private="false" />
  <Object
    Path="C:\projects\ProjetoPadraoSegunda\Logical\Libraries\sys_lib\Binary.lby"
    LogicalPath="Libraries.sys_lib"
    Type="Library"
    LastWriteTime="133413252337135772" />
  <Object
    Path="C:\projects\ProjetoPadraoSegunda\Logical\Libraries\brsystem\brsystem.fun"
    LogicalPath="Libraries.brsystem.brsystem.fun"
    Type="File"
    LastWriteTime="133413252337635531"
    Private="false" />
  <Object
    Path="C:\projects\ProjetoPadraoSegunda\Logical\Libraries\brsystem\brsystem.typ"
    LogicalPath="Libraries.brsystem.brsystem.typ"
    Type="File"
    LastWriteTime="133413252337665514"
    Private="false" />
  <Object
    Path="C:\projects\ProjetoPadraoSegunda\Logical\Libraries\brsystem\brsystem.var"
    LogicalPath="Libraries.brsystem.brsystem.var"
    Type="File"
    LastWriteTime="133413252337695496"
    Private="false" />
  <Object
    Path="C:\projects\ProjetoPadraoSegunda\Logical\Libraries\brsystem\Binary.lby"
    LogicalPath="Libraries.brsystem"
    Type="Library"
    LastWriteTime="133413252337725483" />
  <Object
    Path="C:\projects\ProjetoPadraoSegunda\Logical\Libraries\standard\standard.fun"
    LogicalPath="Libraries.standard.standard.fun"
    Type="File"
    LastWriteTime="133419311558165518"
    Private="false" />
  <Object
    Path="C:\projects\ProjetoPadraoSegunda\Logical\Libraries\standard\standard.typ"
    LogicalPath="Libraries.standard.standard.typ"
    Type="File"
    LastWriteTime="133419311558225480"
    Private="false" />
  <Object
    Path="C:\projects\ProjetoPadraoSegunda\Logical\Libraries\standard\standard.var"
    LogicalPath="Libraries.standard.standard.var"
    Type="File"
    LastWriteTime="133419311558285524"
    Private="false" />
  <Object
    Path="C:\projects\ProjetoPadraoSegunda\Logical\Libraries\standard\Binary.lby"
    LogicalPath="Libraries.standard"
    Type="Library"
    LastWriteTime="133419311558335489" />
  <Object
    Path="C:\projects\ProjetoPadraoSegunda\Logical\Libraries\Package.pkg"
    LogicalPath="Libraries"
    Type="Package"
    LastWriteTime="133419311558655407" />
  <Object
    Path="C:\projects\ProjetoPadraoSegunda\Logical\MiguelProjetoFuzzy\MiguelProjetoFuzzy.st"
    LogicalPath="MiguelProjetoFuzzy.MiguelProjetoFuzzy.st"
    Type="File"
    LastWriteTime="133458419739264464"
    Private="false" />
  <Object
    Path="C:\projects\ProjetoPadraoSegunda\Logical\MiguelProjetoFuzzy\MiguelProjetoFuzzy.typ"
    LogicalPath="MiguelProjetoFuzzy.MiguelProjetoFuzzy.typ"
    Type="File"
    LastWriteTime="133458361890409589"
    Private="true" />
  <Object
    Path="C:\projects\ProjetoPadraoSegunda\Logical\MiguelProjetoFuzzy\MiguelProjetoFuzzy.var"
    LogicalPath="MiguelProjetoFuzzy.MiguelProjetoFuzzy.var"
    Type="File"
    LastWriteTime="133458368132348209"
    Private="true" />
  <Object
    Path="C:\projects\ProjetoPadraoSegunda\Logical\MiguelProjetoFuzzy\IEC.prg"
    LogicalPath="MiguelProjetoFuzzy"
    Type="Program"
    LastWriteTime="133458361890499679" />
  <Object
    Path="C:\projects\ProjetoPadraoSegunda\Physical\Config1\Config.pkg"
    LogicalPath="Config1"
    Type="Configuration"
    LastWriteTime="133407204563322609" />
  <Object
    Path="C:\projects\ProjetoPadraoSegunda\Physical\Config1\Hardware.hw"
    LogicalPath="Config1.Hardware.hw"
    Type="File"
    LastWriteTime="133452340476348328"
    Private="false" />
  <Object
    Path="C:\projects\ProjetoPadraoSegunda\Physical\Config1\Hardware.hwl"
    LogicalPath="Config1.Hardware.hwl"
    Type="File"
    LastWriteTime="133407204562662784"
    Private="false" />
  <Object
    Path="C:\projects\ProjetoPadraoSegunda\Physical\Config1\X20CP1583\Cpu.sw"
    LogicalPath="Config1.X20CP1583.Cpu.sw"
    Type="File"
    LastWriteTime="133458361891961089"
    Private="false" />
  <Object
    Path="C:\projects\ProjetoPadraoSegunda\Physical\Config1\X20CP1583\Cpu.per"
    LogicalPath="Config1.X20CP1583.Cpu.per"
    Type="File"
    LastWriteTime="133407197293104953"
    Private="false" />
  <Object
    Path="C:\projects\ProjetoPadraoSegunda\Physical\Config1\X20CP1583\IoMap.iom"
    LogicalPath="Config1.X20CP1583.IoMap.iom"
    Type="File"
    LastWriteTime="133458380818785841"
    Private="false" />
  <Object
    Path="C:\projects\ProjetoPadraoSegunda\Physical\Config1\X20CP1583\PvMap.vvm"
    LogicalPath="Config1.X20CP1583.PvMap.vvm"
    Type="File"
    LastWriteTime="133407197294563758"
    Private="false" />
  <Object
    Path="C:\projects\ProjetoPadraoSegunda\Physical\Config1\X20CP1583\OpcUaMap.uad"
    LogicalPath="Config1.X20CP1583.OpcUaMap.uad"
    Type="File"
    LastWriteTime="133452347062026303"
    Private="false" />
  <Object
    Path="C:\projects\ProjetoPadraoSegunda\Physical\Config1\X20CP1583\Cpu.pkg"
    LogicalPath="Config1.X20CP1583"
    Type="Cpu"
    LastWriteTime="133452342418486147" />
  <Object
    Path="C:\projects\ProjetoPadraoSegunda\Physical\Config1\Hardware.jpg"
    LogicalPath="Config1.Hardware.jpg"
    Type="File"
    LastWriteTime="133407204563302424"
    Private="false" />
  <Object
    Path="C:\projects\ProjetoPadraoSegunda\Logical\Libraries\AsIecCon\SG4\AsIecCon.h"
    LogicalPath="AsIecCon.h"
    Type="File"
    LastWriteTime="131885244240000000"
    Private="false" />
  <Object
    Path="C:\projects\ProjetoPadraoSegunda\Logical\Libraries\AsTime\SG4\AsTime.h"
    LogicalPath="AsTime.h"
    Type="File"
    LastWriteTime="131885244300000000"
    Private="false" />
  <Object
    Path="C:\projects\ProjetoPadraoSegunda\Logical\Libraries\brsystem\SG4\brsystem.h"
    LogicalPath="brsystem.h"
    Type="File"
    LastWriteTime="131885244320000000"
    Private="false" />
  <Object
    Path="C:\projects\ProjetoPadraoSegunda\Logical\Libraries\LoopConR\SG4\LoopConR.h"
    LogicalPath="LoopConR.h"
    Type="File"
    LastWriteTime="131348187920000000"
    Private="false" />
  <Object
    Path="C:\projects\ProjetoPadraoSegunda\Logical\Libraries\Operator\SG4\Operator.h"
    LogicalPath="Operator.h"
    Type="File"
    LastWriteTime="131885244340000000"
    Private="false" />
  <Object
    Path="C:\projects\ProjetoPadraoSegunda\Logical\Libraries\Runtime\SG4\Runtime.h"
    LogicalPath="Runtime.h"
    Type="File"
    LastWriteTime="131885244340000000"
    Private="false" />
  <Object
    Path="C:\projects\ProjetoPadraoSegunda\Logical\Libraries\standard\SG4\standard.h"
    LogicalPath="standard.h"
    Type="File"
    LastWriteTime="131885244360000000"
    Private="false" />
  <Object
    Path="C:\projects\ProjetoPadraoSegunda\Logical\Libraries\sys_lib\SG4\sys_lib.h"
    LogicalPath="sys_lib.h"
    Type="File"
    LastWriteTime="131885244360000000"
    Private="false" />
</Objects>